#
# A fatal error has been detected by the Java Runtime Environment:
#
#  EXCEPTION_ACCESS_VIOLATION (0xc0000005) at pc=0x76dc7adf, pid=3596, tid=10052
#
# JRE version: 6.0_24-b07
# Java VM: Java HotSpot(TM) Client VM (19.1-b02 mixed mode windows-x86 )
# Problematic frame:
# C  [ole32.dll+0x37adf]
#
# If you would like to submit a bug report, please visit:
#   http://java.sun.com/webapps/bugreport/crash.jsp
# The crash happened outside the Java Virtual Machine in native code.
# See problematic frame for where to report the bug.
#

---------------  T H R E A D  ---------------

Current thread (0x48fc7000):  JavaThread "RMI TCP Connection(1)-127.0.0.1" daemon [_thread_in_native, id=10052, stack(0x494b0000,0x49500000)]

siginfo: ExceptionCode=0xc0000005, writing address 0x00000028

Registers:
EAX=0x494fe24c, EBX=0x76ed7758, ECX=0x00000000, EDX=0x00000000
ESP=0x494fe21c, EBP=0x494fe224, ESI=0x494fe24c, EDI=0x00000028
EIP=0x76dc7adf, EFLAGS=0x00010246

Register to memory mapping:

EAX=0x494fe24c
0x494fe24c is pointing into the stack for thread: 0x48fc7000
"RMI TCP Connection(1)-127.0.0.1" daemon prio=6 tid=0x48fc7000 nid=0x2744 runnable [0x494fe000]
   java.lang.Thread.State: RUNNABLE

EBX=0x76ed7758
0x76ed7758 is pointing to unknown location

ECX=0x00000000
0x00000000 is pointing to unknown location

EDX=0x00000000
0x00000000 is pointing to unknown location

ESP=0x494fe21c
0x494fe21c is pointing into the stack for thread: 0x48fc7000
"RMI TCP Connection(1)-127.0.0.1" daemon prio=6 tid=0x48fc7000 nid=0x2744 runnable [0x494fe000]
   java.lang.Thread.State: RUNNABLE

EBP=0x494fe224
0x494fe224 is pointing into the stack for thread: 0x48fc7000
"RMI TCP Connection(1)-127.0.0.1" daemon prio=6 tid=0x48fc7000 nid=0x2744 runnable [0x494fe000]
   java.lang.Thread.State: RUNNABLE

ESI=0x494fe24c
0x494fe24c is pointing into the stack for thread: 0x48fc7000
"RMI TCP Connection(1)-127.0.0.1" daemon prio=6 tid=0x48fc7000 nid=0x2744 runnable [0x494fe000]
   java.lang.Thread.State: RUNNABLE

EDI=0x00000028
0x00000028 is pointing to unknown location


Top of Stack: (sp=0x494fe21c)
0x494fe21c:   00253b20 002563e8 494fe260 76dc77ab
0x494fe22c:   494fe24c 48e993ec 00253b20 00000000
0x494fe23c:   00000000 0025ce70 002563e8 00000000
0x494fe24c:   0000b000 00000e0c 55c24414 bde0b6c8
0x494fe25c:   4d183b75 494fe27c 76dc760a 48ea05b0
0x494fe26c:   00000000 76ecd83e 4bd251a8 00253b20
0x494fe27c:   494fe2c8 76e1e1a9 4d183bdd 4bd251a8
0x494fe28c:   4bd251a8 48e993ec 494fe2ac 768a06e1 

Instructions: (pc=0x76dc7adf)
0x76dc7acf:   90 90 90 8b ff 55 8b ec 56 8b 75 08 57 8d 79 28
0x76dc7adf:   a5 a5 a5 a5 5f 5e 5d c2 04 00 ff 75 0c ff 75 08 


Stack: [0x494b0000,0x49500000],  sp=0x494fe21c,  free space=312k
Native frames: (J=compiled Java code, j=interpreted, Vv=VM code, C=native code)
C  [ole32.dll+0x37adf]
C  [ole32.dll+0x377ab]
C  [ole32.dll+0x3760a]
C  [ole32.dll+0x8e1a9]

Java frames: (J=compiled Java code, j=interpreted, Vv=VM code)
j  sun.awt.windows.WComponentPeer.addNativeDropTarget()J+0
j  sun.awt.windows.WComponentPeer.addDropTarget(Ljava/awt/dnd/DropTarget;)V+9
j  java.awt.dnd.DropTarget.addNotify(Ljava/awt/peer/ComponentPeer;)V+60
j  java.awt.Component.addNotify()V+297
j  java.awt.Container.addNotify()V+8
j  javax.swing.JComponent.addNotify()V+1
j  java.awt.Container.addNotify()V+61
j  javax.swing.JComponent.addNotify()V+1
j  java.awt.Container.addNotify()V+61
j  javax.swing.JComponent.addNotify()V+1
j  java.awt.Container.addNotify()V+61
j  javax.swing.JComponent.addNotify()V+1
j  java.awt.Container.addNotify()V+61
j  javax.swing.JComponent.addNotify()V+1
j  java.awt.Container.addNotify()V+61
j  javax.swing.JComponent.addNotify()V+1
j  javax.swing.JRootPane.addNotify()V+5
j  java.awt.Container.addNotify()V+61
j  java.awt.Window.addNotify()V+73
j  java.awt.Frame.addNotify()V+70
j  java.awt.Window.show()V+8
j  java.awt.Component.show(Z)V+5
j  java.awt.Component.setVisible(Z)V+2
j  java.awt.Window.setVisible(Z)V+2
j  TronClient$InfoFrame.<init>(LTronClient;)V+335
j  TronClient.<init>()V+306
j  TronClient.main([Ljava/lang/String;)V+4
v  ~StubRoutines::call_stub
j  sun.reflect.NativeMethodAccessorImpl.invoke0(Ljava/lang/reflect/Method;Ljava/lang/Object;[Ljava/lang/Object;)Ljava/lang/Object;+0
j  sun.reflect.NativeMethodAccessorImpl.invoke(Ljava/lang/Object;[Ljava/lang/Object;)Ljava/lang/Object;+87
j  sun.reflect.DelegatingMethodAccessorImpl.invoke(Ljava/lang/Object;[Ljava/lang/Object;)Ljava/lang/Object;+6
j  java.lang.reflect.Method.invoke(Ljava/lang/Object;[Ljava/lang/Object;)Ljava/lang/Object;+161
j  edu.rice.cs.drjava.model.compiler.JavacCompiler.runCommand(Ljava/lang/String;Ljava/lang/Class;)V+696
v  ~StubRoutines::call_stub
j  sun.reflect.NativeMethodAccessorImpl.invoke0(Ljava/lang/reflect/Method;Ljava/lang/Object;[Ljava/lang/Object;)Ljava/lang/Object;+0
j  sun.reflect.NativeMethodAccessorImpl.invoke(Ljava/lang/Object;[Ljava/lang/Object;)Ljava/lang/Object;+87
j  sun.reflect.DelegatingMethodAccessorImpl.invoke(Ljava/lang/Object;[Ljava/lang/Object;)Ljava/lang/Object;+6
j  java.lang.reflect.Method.invoke(Ljava/lang/Object;[Ljava/lang/Object;)Ljava/lang/Object;+161
j  edu.rice.cs.dynamicjava.symbol.JavaClass$JavaMethod.evaluate(Ljava/lang/Object;Ljava/lang/Iterable;Ledu/rice/cs/dynamicjava/interpreter/RuntimeBindings;Ledu/rice/cs/dynamicjava/Options;)Ljava/lang/Object;+72
j  edu.rice.cs.dynamicjava.interpreter.ExpressionEvaluator.handleMethodCall(Lkoala/dynamicjava/tree/MethodCall;Ljava/lang/Object;)Ljava/lang/Object;+37
j  edu.rice.cs.dynamicjava.interpreter.ExpressionEvaluator.visit(Lkoala/dynamicjava/tree/StaticMethodCall;)Ljava/lang/Object;+3
j  koala.dynamicjava.tree.StaticMethodCall.acceptVisitor(Lkoala/dynamicjava/tree/visitor/Visitor;)Ljava/lang/Object;+2
j  edu.rice.cs.dynamicjava.interpreter.ExpressionEvaluator.value(Lkoala/dynamicjava/tree/Node;)Ljava/lang/Object;+36
j  edu.rice.cs.dynamicjava.interpreter.ExpressionEvaluator.value(Lkoala/dynamicjava/tree/Node;)Ljava/lang/Object;+27
j  edu.rice.cs.dynamicjava.interpreter.StatementEvaluator.visit(Lkoala/dynamicjava/tree/ExpressionStatement;)Ledu/rice/cs/dynamicjava/interpreter/StatementEvaluator$Result;+38
j  edu.rice.cs.dynamicjava.interpreter.StatementEvaluator.visit(Lkoala/dynamicjava/tree/ExpressionStatement;)Ljava/lang/Object;+2
j  koala.dynamicjava.tree.ExpressionStatement.acceptVisitor(Lkoala/dynamicjava/tree/visitor/Visitor;)Ljava/lang/Object;+2
j  edu.rice.cs.dynamicjava.interpreter.StatementEvaluator.evaluateSequence(Ljava/lang/Iterable;)Ledu/rice/cs/dynamicjava/interpreter/StatementEvaluator$Result;+56
j  edu.rice.cs.dynamicjava.interpreter.Interpreter.evaluate(Ljava/lang/Iterable;)Ledu/rice/cs/plt/tuple/Pair;+16
j  edu.rice.cs.dynamicjava.interpreter.Interpreter.interpret(Ljava/lang/String;)Ledu/rice/cs/plt/tuple/Option;+35
j  edu.rice.cs.drjava.model.repl.newjvm.InterpreterJVM.interpret(Ljava/lang/String;Ledu/rice/cs/dynamicjava/interpreter/Interpreter;)Ledu/rice/cs/drjava/model/repl/newjvm/InterpretResult;+69
j  edu.rice.cs.drjava.model.repl.newjvm.InterpreterJVM.interpret(Ljava/lang/String;)Ledu/rice/cs/drjava/model/repl/newjvm/InterpretResult;+12
v  ~StubRoutines::call_stub
j  sun.reflect.NativeMethodAccessorImpl.invoke0(Ljava/lang/reflect/Method;Ljava/lang/Object;[Ljava/lang/Object;)Ljava/lang/Object;+0
j  sun.reflect.NativeMethodAccessorImpl.invoke(Ljava/lang/Object;[Ljava/lang/Object;)Ljava/lang/Object;+87
j  sun.reflect.DelegatingMethodAccessorImpl.invoke(Ljava/lang/Object;[Ljava/lang/Object;)Ljava/lang/Object;+6
j  java.lang.reflect.Method.invoke(Ljava/lang/Object;[Ljava/lang/Object;)Ljava/lang/Object;+161
j  sun.rmi.server.UnicastServerRef.dispatch(Ljava/rmi/Remote;Ljava/rmi/server/RemoteCall;)V+242
j  sun.rmi.transport.Transport$1.run()Ljava/lang/Object;+23
v  ~StubRoutines::call_stub
j  java.security.AccessController.doPrivileged(Ljava/security/PrivilegedExceptionAction;Ljava/security/AccessControlContext;)Ljava/lang/Object;+0
j  sun.rmi.transport.Transport.serviceCall(Ljava/rmi/server/RemoteCall;)Z+163
j  sun.rmi.transport.tcp.TCPTransport.handleMessages(Lsun/rmi/transport/Connection;Z)V+185
j  sun.rmi.transport.tcp.TCPTransport$ConnectionHandler.run0()V+685
j  sun.rmi.transport.tcp.TCPTransport$ConnectionHandler.run()V+50
j  java.util.concurrent.ThreadPoolExecutor$Worker.runTask(Ljava/lang/Runnable;)V+59
j  java.util.concurrent.ThreadPoolExecutor$Worker.run()V+28
j  java.lang.Thread.run()V+11
v  ~StubRoutines::call_stub

---------------  P R O C E S S  ---------------

Java Threads: ( => current thread )
  0x48f41400 JavaThread "Image Animator 1" daemon [_thread_blocked, id=10076, stack(0x4d3e0000,0x4d430000)]
  0x48f41000 JavaThread "Java Sound Event Dispatcher" daemon [_thread_blocked, id=9992, stack(0x4d350000,0x4d3a0000)]
  0x48f40800 JavaThread "Image Fetcher 0" daemon [_thread_in_native, id=444, stack(0x4d2c0000,0x4d310000)]
  0x48f40400 JavaThread "D3D Screen Updater" daemon [_thread_blocked, id=9500, stack(0x4d130000,0x4d180000)]
  0x48f3fc00 JavaThread "TimerQueue" daemon [_thread_blocked, id=8680, stack(0x4c1a0000,0x4c1f0000)]
  0x48f3f800 JavaThread "Thread-3" daemon [_thread_in_native, id=6272, stack(0x4c110000,0x4c160000)]
  0x48fae000 JavaThread "AWT-EventQueue-0" [_thread_blocked, id=8328, stack(0x4c900000,0x4c950000)]
  0x48f80000 JavaThread "AWT-Windows" daemon [_thread_in_native, id=7364, stack(0x49aa0000,0x49af0000)]
  0x48f7fc00 JavaThread "AWT-Shutdown" [_thread_blocked, id=7328, stack(0x498c0000,0x49910000)]
  0x48f19400 JavaThread "Java2D Disposer" daemon [_thread_blocked, id=9656, stack(0x497f0000,0x49840000)]
  0x48fa7400 JavaThread "Poll DrJava Thread" daemon [_thread_blocked, id=7432, stack(0x496a0000,0x496f0000)]
  0x48fd1800 JavaThread "RMI RenewClean-[127.0.0.1:53229]" daemon [_thread_blocked, id=7380, stack(0x495d0000,0x49620000)]
  0x48f6a800 JavaThread "RMI Scheduler(0)" daemon [_thread_blocked, id=6732, stack(0x49540000,0x49590000)]
=>0x48fc7000 JavaThread "RMI TCP Connection(1)-127.0.0.1" daemon [_thread_in_native, id=10052, stack(0x494b0000,0x49500000)]
  0x003eac00 JavaThread "DestroyJavaVM" [_thread_blocked, id=8308, stack(0x022d0000,0x02320000)]
  0x48f4ac00 JavaThread "GC Daemon" daemon [_thread_blocked, id=6296, stack(0x493f0000,0x49440000)]
  0x48f4a400 JavaThread "RMI Reaper" [_thread_blocked, id=6760, stack(0x49360000,0x493b0000)]
  0x48e9e800 JavaThread "RMI TCP Accept-0" daemon [_thread_in_native, id=5472, stack(0x492d0000,0x49320000)]
  0x02401800 JavaThread "Low Memory Detector" daemon [_thread_blocked, id=5544, stack(0x48d70000,0x48dc0000)]
  0x023f7c00 JavaThread "CompilerThread0" daemon [_thread_blocked, id=9612, stack(0x48c80000,0x48cd0000)]
  0x023ed000 JavaThread "JDWP Event Helper Thread" daemon [_thread_blocked, id=8640, stack(0x48bf0000,0x48c40000)]
  0x023e9000 JavaThread "JDWP Transport Listener: dt_socket" daemon [_thread_in_native, id=8064, stack(0x48b60000,0x48bb0000)]
  0x023dcc00 JavaThread "Attach Listener" daemon [_thread_blocked, id=8764, stack(0x48a70000,0x48ac0000)]
  0x023d9c00 JavaThread "Signal Dispatcher" daemon [_thread_blocked, id=9712, stack(0x489e0000,0x48a30000)]
  0x023b0c00 JavaThread "Finalizer" daemon [_thread_blocked, id=8468, stack(0x48950000,0x489a0000)]
  0x023ac000 JavaThread "Reference Handler" daemon [_thread_blocked, id=2208, stack(0x488c0000,0x48910000)]

Other Threads:
  0x023a7c00 VMThread [stack: 0x48830000,0x48880000] [id=7216]
  0x0240c400 WatcherThread [stack: 0x48e00000,0x48e50000] [id=9140]

VM state:not at safepoint (normal execution)

VM Mutex/Monitor currently owned by a thread: None

Heap
 def new generation   total 4992K, used 4025K [0x044a0000, 0x04a00000, 0x199f0000)
  eden space 4480K,  85% used [0x044a0000, 0x0485f628, 0x04900000)
  from space 512K,  36% used [0x04900000, 0x0492ee80, 0x04980000)
  to   space 512K,   0% used [0x04980000, 0x04980000, 0x04a00000)
 tenured generation   total 10944K, used 679K [0x199f0000, 0x1a4a0000, 0x444a0000)
   the space 10944K,   6% used [0x199f0000, 0x19a99f18, 0x19a9a000, 0x1a4a0000)
 compacting perm gen  total 12544K, used 12429K [0x444a0000, 0x450e0000, 0x484a0000)
   the space 12544K,  99% used [0x444a0000, 0x450c3540, 0x450c3600, 0x450e0000)
No shared spaces configured.

Dynamic libraries:
0x00400000 - 0x00424000 	C:\Program Files (x86)\Java\jre6\bin\javaw.exe
0x77920000 - 0x77aa0000 	C:\Windows\SysWOW64\ntdll.dll
0x758d0000 - 0x759d0000 	C:\Windows\syswow64\kernel32.dll
0x76890000 - 0x768d6000 	C:\Windows\syswow64\KERNELBASE.dll
0x769f0000 - 0x76a90000 	C:\Windows\syswow64\ADVAPI32.dll
0x76940000 - 0x769ec000 	C:\Windows\syswow64\msvcrt.dll
0x75830000 - 0x75849000 	C:\Windows\SysWOW64\sechost.dll
0x75080000 - 0x75170000 	C:\Windows\syswow64\RPCRT4.dll
0x75020000 - 0x75080000 	C:\Windows\syswow64\SspiCli.dll
0x75010000 - 0x7501c000 	C:\Windows\syswow64\CRYPTBASE.dll
0x75a50000 - 0x75b50000 	C:\Windows\syswow64\USER32.dll
0x75180000 - 0x75210000 	C:\Windows\syswow64\GDI32.dll
0x753d0000 - 0x753da000 	C:\Windows\syswow64\LPK.dll
0x753e0000 - 0x7547d000 	C:\Windows\syswow64\USP10.dll
0x768e0000 - 0x76940000 	C:\Windows\system32\IMM32.DLL
0x75480000 - 0x7554c000 	C:\Windows\syswow64\MSCTF.dll
0x7c340000 - 0x7c396000 	C:\Program Files (x86)\Java\jre6\bin\msvcr71.dll
0x6d7f0000 - 0x6da96000 	C:\Program Files (x86)\Java\jre6\bin\client\jvm.dll
0x736c0000 - 0x736f2000 	C:\Windows\system32\WINMM.dll
0x71260000 - 0x712ab000 	C:\Windows\system32\apphelp.dll
0x6d7a0000 - 0x6d7ac000 	C:\Program Files (x86)\Java\jre6\bin\verify.dll
0x6d320000 - 0x6d33f000 	C:\Program Files (x86)\Java\jre6\bin\java.dll
0x6d280000 - 0x6d288000 	C:\Program Files (x86)\Java\jre6\bin\hpi.dll
0x75790000 - 0x75795000 	C:\Windows\syswow64\PSAPI.DLL
0x6d370000 - 0x6d399000 	C:\Program Files (x86)\Java\jre6\bin\jdwp.dll
0x6d690000 - 0x6d696000 	C:\Program Files (x86)\Java\jre6\bin\npt.dll
0x6d7e0000 - 0x6d7ef000 	C:\Program Files (x86)\Java\jre6\bin\zip.dll
0x6d200000 - 0x6d207000 	C:\Program Files (x86)\Java\jre6\bin\dt_socket.dll
0x75750000 - 0x75785000 	C:\Windows\syswow64\WS2_32.dll
0x778f0000 - 0x778f6000 	C:\Windows\syswow64\NSI.dll
0x726d0000 - 0x7270c000 	C:\Windows\system32\mswsock.dll
0x726c0000 - 0x726c5000 	C:\Windows\System32\wshtcpip.dll
0x72420000 - 0x72436000 	C:\Windows\system32\CRYPTSP.dll
0x723e0000 - 0x7241b000 	C:\Windows\system32\rsaenh.dll
0x73a80000 - 0x73a97000 	C:\Windows\system32\USERENV.dll
0x73a70000 - 0x73a7b000 	C:\Windows\system32\profapi.dll
0x6d600000 - 0x6d613000 	C:\Program Files (x86)\Java\jre6\bin\net.dll
0x726b0000 - 0x726b6000 	C:\Windows\System32\wship6.dll
0x72040000 - 0x72050000 	C:\Windows\system32\NLAapi.dll
0x72660000 - 0x726a4000 	C:\Windows\system32\DNSAPI.dll
0x72030000 - 0x72038000 	C:\Windows\System32\winrnr.dll
0x72020000 - 0x72030000 	C:\Windows\system32\napinsp.dll
0x72000000 - 0x72012000 	C:\Windows\system32\pnrpnsp.dll
0x71ff0000 - 0x71ffd000 	C:\Windows\system32\wshbth.dll
0x72630000 - 0x72655000 	C:\Program Files (x86)\Bonjour\mdnsNSP.dll
0x73a50000 - 0x73a6c000 	C:\Windows\system32\Iphlpapi.DLL
0x73910000 - 0x73917000 	C:\Windows\system32\WINNSI.DLL
0x72620000 - 0x72626000 	C:\Windows\system32\rasadhlp.dll
0x71c40000 - 0x71c78000 	C:\Windows\System32\fwpuclnt.dll
0x6d6f0000 - 0x6d6f6000 	C:\Program Files (x86)\Java\jre6\bin\rmi.dll
0x6d000000 - 0x6d14a000 	C:\Program Files (x86)\Java\jre6\bin\awt.dll
0x71630000 - 0x71681000 	C:\Windows\system32\WINSPOOL.DRV
0x76d90000 - 0x76eec000 	C:\Windows\syswow64\ole32.dll
0x70c70000 - 0x70e0e000 	C:\Windows\WinSxS\x86_microsoft.windows.common-controls_6595b64144ccf1df_6.0.7600.16661_none_420fe3fa2b8113bd\COMCTL32.dll
0x76ef0000 - 0x76f47000 	C:\Windows\syswow64\SHLWAPI.dll
0x6e950000 - 0x6e963000 	C:\Windows\system32\DWMAPI.DLL
0x70940000 - 0x709c0000 	C:\Windows\system32\uxtheme.dll
0x6d230000 - 0x6d27f000 	C:\Program Files (x86)\Java\jre6\bin\fontmanager.dll
0x00580000 - 0x0058f000 	C:\Program Files (x86)\TeamViewer\Version6\tv_w32.dll
0x6c240000 - 0x6c267000 	C:\Windows\system32\CRTDLL.dll
0x62b50000 - 0x62d13000 	C:\Windows\system32\d3d9.dll
0x73740000 - 0x73749000 	C:\Windows\system32\VERSION.dll
0x73aa0000 - 0x73aa6000 	C:\Windows\system32\d3d8thk.dll
0x5c340000 - 0x5ccea000 	C:\Windows\system32\nvd3dum.dll
0x72440000 - 0x72465000 	C:\Windows\system32\powrprof.dll
0x76a90000 - 0x76c2d000 	C:\Windows\syswow64\SETUPAPI.dll
0x76d60000 - 0x76d87000 	C:\Windows\syswow64\CFGMGR32.dll
0x75b50000 - 0x75bdf000 	C:\Windows\syswow64\OLEAUT32.dll
0x75730000 - 0x75742000 	C:\Windows\syswow64\DEVOBJ.dll
0x75c40000 - 0x76889000 	C:\Windows\syswow64\shell32.dll
0x4c950000 - 0x4c988000 	C:\Program Files\WIDCOMM\Bluetooth Software\SysWOW64\BtMmHook.dll
0x6d620000 - 0x6d629000 	C:\Program Files (x86)\Java\jre6\bin\nio.dll
0x6d510000 - 0x6d534000 	C:\Program Files (x86)\Java\jre6\bin\jsound.dll
0x6d540000 - 0x6d548000 	C:\Program Files (x86)\Java\jre6\bin\jsoundds.dll
0x62dd0000 - 0x62e42000 	C:\Windows\system32\DSOUND.dll
0x62550000 - 0x62589000 	C:\Windows\system32\MMDevAPI.DLL
0x70b70000 - 0x70c65000 	C:\Windows\system32\PROPSYS.dll
0x62520000 - 0x62550000 	C:\Windows\system32\wdmaud.drv
0x689d0000 - 0x689d4000 	C:\Windows\system32\ksuser.dll
0x62510000 - 0x62517000 	C:\Windows\system32\AVRT.dll
0x624d0000 - 0x62506000 	C:\Windows\system32\AUDIOSES.DLL
0x60690000 - 0x60698000 	C:\Windows\system32\msacm32.drv
0x60670000 - 0x60684000 	C:\Windows\system32\MSACM32.dll
0x60660000 - 0x60667000 	C:\Windows\system32\midimap.dll
0x756a0000 - 0x75723000 	C:\Windows\syswow64\CLBCatQ.DLL
0x6d440000 - 0x6d465000 	C:\Program Files (x86)\Java\jre6\bin\jpeg.dll
0x72240000 - 0x7224e000 	C:\Windows\system32\RpcRtRemote.dll

VM Arguments:
jvm_args: -ea -Xrunjdwp:transport=dt_socket,server=y,suspend=n,address=56856 -Xdebug -Xnoagent -Djava.compiler=NONE -Xmx1024M -Ddrjava.debug.port=56856 -Dedu.rice.cs.cunit.concJUnit.check.join.enabled=false -Dedu.rice.cs.cunit.concJUnit.check.lucky.enabled=false -Dedu.rice.cs.cunit.concJUnit.check.threads.enabled=false -Djava.rmi.server.hostname=127.0.0.1 
java_command: edu.rice.cs.plt.concurrent.ProcessTaskController$Runner
Launcher Type: SUN_STANDARD

Environment Variables:
JAVA_HOME=C:\Program Files (x86)\Java\jdk1.6.0_23
CLASSPATH=.;C:\Program Files (x86)\Java\jre6\lib\ext\QTJava.zip
PATH=C:\Program Files (x86)\NVIDIA Corporation\PhysX\Common;C:\Windows\system32;C:\Windows;C:\Windows\System32\Wbem;C:\Windows\System32\WindowsPowerShell\v1.0\;C:\Python27;C:\Program Files (x86)\Autodesk\Backburner\;C:\Program Files (x86)\Common Files\Autodesk Shared\;C:\Program Files\Common Files\Autodesk Shared\;C:\Program Files (x86)\OpenNI\Bin;C:\Program Files (x86)\Prime Sense\NITE\Bin;c:\Program Files (x86)\Microsoft SQL Server\90\Tools\binn\;C:\Python27(x86);C:\php;C:\Program Files\MySQL\MySQL Server 5.1\bin;C:\Program Files (x86)\MySQL\MySQL Server 5.5\bin;C:\Program Files\WIDCOMM\Bluetooth Software\;C:\Program Files\WIDCOMM\Bluetooth Software\syswow64;c:\django\scsu_alum;c:\wamp\bin;C:\Program Files (x86)\QuickTime\QTSystem\;C:\Program Files (x86)\Java\jdk1.6.0_23\bin;C:\Program Files (x86)\Java\jre6\bin
USERNAME=Rich
OS=Windows_NT
PROCESSOR_IDENTIFIER=Intel64 Family 6 Model 23 Stepping 10, GenuineIntel



---------------  S Y S T E M  ---------------

OS: Windows 7 Build 7600 

CPU:total 2 (2 cores per cpu, 1 threads per core) family 6 model 23 stepping 10, cmov, cx8, fxsr, mmx, sse, sse2, sse3, ssse3, sse4.1

Memory: 4k page, physical 8387128k(5264716k free), swap 16772360k(12593008k free)

vm_info: Java HotSpot(TM) Client VM (19.1-b02) for windows-x86 JRE (1.6.0_24-b07), built on Feb  2 2011 17:44:41 by "java_re" with MS VC++ 7.1 (VS2003)

time: Thu May 05 00:08:03 2011
elapsed time: 1 seconds

