#
# A fatal error has been detected by the Java Runtime Environment:
#
#  EXCEPTION_ACCESS_VIOLATION (0xc0000005) at pc=0x76dc7adf, pid=8996, tid=8736
#
# JRE version: 6.0_24-b07
# Java VM: Java HotSpot(TM) Client VM (19.1-b02 mixed mode windows-x86 )
# Problematic frame:
# C  [ole32.dll+0x37adf]
#
# If you would like to submit a bug report, please visit:
#   http://java.sun.com/webapps/bugreport/crash.jsp
# The crash happened outside the Java Virtual Machine in native code.
# See problematic frame for where to report the bug.
#

---------------  T H R E A D  ---------------

Current thread (0x023ca800):  JavaThread "RMI TCP Connection(15)-127.0.0.1" daemon [_thread_in_native, id=8736, stack(0x49470000,0x494c0000)]

siginfo: ExceptionCode=0xc0000005, writing address 0x00000028

Registers:
EAX=0x494bdfcc, EBX=0x76ed7758, ECX=0x00000000, EDX=0x00000000
ESP=0x494bdf9c, EBP=0x494bdfa4, ESI=0x494bdfcc, EDI=0x00000028
EIP=0x76dc7adf, EFLAGS=0x00010246

Register to memory mapping:

EAX=0x494bdfcc
0x494bdfcc is pointing into the stack for thread: 0x023ca800
"RMI TCP Connection(15)-127.0.0.1" daemon prio=6 tid=0x023ca800 nid=0x2220 runnable [0x494be000]
   java.lang.Thread.State: RUNNABLE

EBX=0x76ed7758
0x76ed7758 is pointing to unknown location

ECX=0x00000000
0x00000000 is pointing to unknown location

EDX=0x00000000
0x00000000 is pointing to unknown location

ESP=0x494bdf9c
0x494bdf9c is pointing into the stack for thread: 0x023ca800
"RMI TCP Connection(15)-127.0.0.1" daemon prio=6 tid=0x023ca800 nid=0x2220 runnable [0x494be000]
   java.lang.Thread.State: RUNNABLE

EBP=0x494bdfa4
0x494bdfa4 is pointing into the stack for thread: 0x023ca800
"RMI TCP Connection(15)-127.0.0.1" daemon prio=6 tid=0x023ca800 nid=0x2220 runnable [0x494be000]
   java.lang.Thread.State: RUNNABLE

ESI=0x494bdfcc
0x494bdfcc is pointing into the stack for thread: 0x023ca800
"RMI TCP Connection(15)-127.0.0.1" daemon prio=6 tid=0x023ca800 nid=0x2220 runnable [0x494be000]
   java.lang.Thread.State: RUNNABLE

EDI=0x00000028
0x00000028 is pointing to unknown location


Top of Stack: (sp=0x494bdf9c)
0x494bdf9c:   00633978 006383f8 494bdfe0 76dc77ab
0x494bdfac:   494bdfcc 48e4b058 00633978 00000000
0x494bdfbc:   00000000 006401a8 006383f8 00000000
0x494bdfcc:   00001000 00002324 dc3f9de6 0126f058
0x494bdfdc:   55c3e98e 494bdffc 76dc760a 48e56318
0x494bdfec:   00000000 76ecd83e 48e72e68 00633978
0x494bdffc:   494be048 76e1e1a9 55c3d626 48e72e68
0x494be00c:   48e72e68 48e4b058 494be02c 768a06e1 

Instructions: (pc=0x76dc7adf)
0x76dc7acf:   90 90 90 8b ff 55 8b ec 56 8b 75 08 57 8d 79 28
0x76dc7adf:   a5 a5 a5 a5 5f 5e 5d c2 04 00 ff 75 0c ff 75 08 


Stack: [0x49470000,0x494c0000],  sp=0x494bdf9c,  free space=311k
Native frames: (J=compiled Java code, j=interpreted, Vv=VM code, C=native code)
C  [ole32.dll+0x37adf]
C  [ole32.dll+0x377ab]
C  [ole32.dll+0x3760a]
C  [ole32.dll+0x8e1a9]

Java frames: (J=compiled Java code, j=interpreted, Vv=VM code)
j  sun.awt.windows.WComponentPeer.addNativeDropTarget()J+0
j  sun.awt.windows.WComponentPeer.addDropTarget(Ljava/awt/dnd/DropTarget;)V+9
j  java.awt.dnd.DropTarget.addNotify(Ljava/awt/peer/ComponentPeer;)V+60
j  java.awt.Component.addNotify()V+297
j  java.awt.Container.addNotify()V+8
j  javax.swing.JComponent.addNotify()V+1
j  java.awt.Container.addNotify()V+61
j  javax.swing.JComponent.addNotify()V+1
j  java.awt.Container.addNotify()V+61
j  javax.swing.JComponent.addNotify()V+1
j  java.awt.Container.addNotify()V+61
j  javax.swing.JComponent.addNotify()V+1
j  java.awt.Container.addNotify()V+61
j  javax.swing.JComponent.addNotify()V+1
j  java.awt.Container.addNotify()V+61
j  javax.swing.JComponent.addNotify()V+1
j  javax.swing.JRootPane.addNotify()V+5
j  java.awt.Container.addNotify()V+61
j  java.awt.Window.addNotify()V+73
j  java.awt.Frame.addNotify()V+70
j  java.awt.Window.show()V+8
j  java.awt.Component.show(Z)V+5
j  java.awt.Component.setVisible(Z)V+2
j  java.awt.Window.setVisible(Z)V+2
j  TronClient$InfoFrame.<init>(LTronClient;)V+330
j  TronClient.<init>()V+306
j  TronClient.main([Ljava/lang/String;)V+4
v  ~StubRoutines::call_stub
j  sun.reflect.NativeMethodAccessorImpl.invoke0(Ljava/lang/reflect/Method;Ljava/lang/Object;[Ljava/lang/Object;)Ljava/lang/Object;+0
j  sun.reflect.NativeMethodAccessorImpl.invoke(Ljava/lang/Object;[Ljava/lang/Object;)Ljava/lang/Object;+87
j  sun.reflect.DelegatingMethodAccessorImpl.invoke(Ljava/lang/Object;[Ljava/lang/Object;)Ljava/lang/Object;+6
j  java.lang.reflect.Method.invoke(Ljava/lang/Object;[Ljava/lang/Object;)Ljava/lang/Object;+161
j  edu.rice.cs.drjava.model.compiler.JavacCompiler.runCommand(Ljava/lang/String;Ljava/lang/Class;)V+696
v  ~StubRoutines::call_stub
j  sun.reflect.NativeMethodAccessorImpl.invoke0(Ljava/lang/reflect/Method;Ljava/lang/Object;[Ljava/lang/Object;)Ljava/lang/Object;+0
j  sun.reflect.NativeMethodAccessorImpl.invoke(Ljava/lang/Object;[Ljava/lang/Object;)Ljava/lang/Object;+87
j  sun.reflect.DelegatingMethodAccessorImpl.invoke(Ljava/lang/Object;[Ljava/lang/Object;)Ljava/lang/Object;+6
j  java.lang.reflect.Method.invoke(Ljava/lang/Object;[Ljava/lang/Object;)Ljava/lang/Object;+161
j  edu.rice.cs.dynamicjava.symbol.JavaClass$JavaMethod.evaluate(Ljava/lang/Object;Ljava/lang/Iterable;Ledu/rice/cs/dynamicjava/interpreter/RuntimeBindings;Ledu/rice/cs/dynamicjava/Options;)Ljava/lang/Object;+72
j  edu.rice.cs.dynamicjava.interpreter.ExpressionEvaluator.handleMethodCall(Lkoala/dynamicjava/tree/MethodCall;Ljava/lang/Object;)Ljava/lang/Object;+37
j  edu.rice.cs.dynamicjava.interpreter.ExpressionEvaluator.visit(Lkoala/dynamicjava/tree/StaticMethodCall;)Ljava/lang/Object;+3
j  koala.dynamicjava.tree.StaticMethodCall.acceptVisitor(Lkoala/dynamicjava/tree/visitor/Visitor;)Ljava/lang/Object;+2
j  edu.rice.cs.dynamicjava.interpreter.ExpressionEvaluator.value(Lkoala/dynamicjava/tree/Node;)Ljava/lang/Object;+36
j  edu.rice.cs.dynamicjava.interpreter.ExpressionEvaluator.value(Lkoala/dynamicjava/tree/Node;)Ljava/lang/Object;+27
j  edu.rice.cs.dynamicjava.interpreter.StatementEvaluator.visit(Lkoala/dynamicjava/tree/ExpressionStatement;)Ledu/rice/cs/dynamicjava/interpreter/StatementEvaluator$Result;+38
j  edu.rice.cs.dynamicjava.interpreter.StatementEvaluator.visit(Lkoala/dynamicjava/tree/ExpressionStatement;)Ljava/lang/Object;+2
j  koala.dynamicjava.tree.ExpressionStatement.acceptVisitor(Lkoala/dynamicjava/tree/visitor/Visitor;)Ljava/lang/Object;+2
j  edu.rice.cs.dynamicjava.interpreter.StatementEvaluator.evaluateSequence(Ljava/lang/Iterable;)Ledu/rice/cs/dynamicjava/interpreter/StatementEvaluator$Result;+56
j  edu.rice.cs.dynamicjava.interpreter.Interpreter.evaluate(Ljava/lang/Iterable;)Ledu/rice/cs/plt/tuple/Pair;+16
j  edu.rice.cs.dynamicjava.interpreter.Interpreter.interpret(Ljava/lang/String;)Ledu/rice/cs/plt/tuple/Option;+35
j  edu.rice.cs.drjava.model.repl.newjvm.InterpreterJVM.interpret(Ljava/lang/String;Ledu/rice/cs/dynamicjava/interpreter/Interpreter;)Ledu/rice/cs/drjava/model/repl/newjvm/InterpretResult;+69
j  edu.rice.cs.drjava.model.repl.newjvm.InterpreterJVM.interpret(Ljava/lang/String;)Ledu/rice/cs/drjava/model/repl/newjvm/InterpretResult;+12
v  ~StubRoutines::call_stub
j  sun.reflect.NativeMethodAccessorImpl.invoke0(Ljava/lang/reflect/Method;Ljava/lang/Object;[Ljava/lang/Object;)Ljava/lang/Object;+0
j  sun.reflect.NativeMethodAccessorImpl.invoke(Ljava/lang/Object;[Ljava/lang/Object;)Ljava/lang/Object;+87
j  sun.reflect.DelegatingMethodAccessorImpl.invoke(Ljava/lang/Object;[Ljava/lang/Object;)Ljava/lang/Object;+6
j  java.lang.reflect.Method.invoke(Ljava/lang/Object;[Ljava/lang/Object;)Ljava/lang/Object;+161
j  sun.rmi.server.UnicastServerRef.dispatch(Ljava/rmi/Remote;Ljava/rmi/server/RemoteCall;)V+242
j  sun.rmi.transport.Transport$1.run()Ljava/lang/Object;+23
v  ~StubRoutines::call_stub
j  java.security.AccessController.doPrivileged(Ljava/security/PrivilegedExceptionAction;Ljava/security/AccessControlContext;)Ljava/lang/Object;+0
j  sun.rmi.transport.Transport.serviceCall(Ljava/rmi/server/RemoteCall;)Z+163
j  sun.rmi.transport.tcp.TCPTransport.handleMessages(Lsun/rmi/transport/Connection;Z)V+185
j  sun.rmi.transport.tcp.TCPTransport$ConnectionHandler.run0()V+685
j  sun.rmi.transport.tcp.TCPTransport$ConnectionHandler.run()V+50
j  java.util.concurrent.ThreadPoolExecutor$Worker.runTask(Ljava/lang/Runnable;)V+59
j  java.util.concurrent.ThreadPoolExecutor$Worker.run()V+28
j  java.lang.Thread.run()V+11
v  ~StubRoutines::call_stub

---------------  P R O C E S S  ---------------

Java Threads: ( => current thread )
  0x023ccc00 JavaThread "Java Sound Event Dispatcher" daemon [_thread_blocked, id=8924, stack(0x4c810000,0x4c860000)]
  0x023cc400 JavaThread "Image Animator 1" daemon [_thread_blocked, id=9100, stack(0x4c780000,0x4c7d0000)]
  0x023cc000 JavaThread "Image Fetcher 0" daemon [_thread_blocked, id=7344, stack(0x4c6f0000,0x4c740000)]
  0x023cb800 JavaThread "D3D Screen Updater" daemon [_thread_blocked, id=7808, stack(0x4c520000,0x4c570000)]
  0x023cb400 JavaThread "TimerQueue" daemon [_thread_blocked, id=10228, stack(0x4bcd0000,0x4bd20000)]
  0x023cac00 JavaThread "Thread-3" daemon [_thread_in_native, id=10224, stack(0x4bc40000,0x4bc90000)]
=>0x023ca800 JavaThread "RMI TCP Connection(15)-127.0.0.1" daemon [_thread_in_native, id=8736, stack(0x49470000,0x494c0000)]
  0x48f0d000 JavaThread "AWT-EventQueue-0" [_thread_blocked, id=10116, stack(0x4c430000,0x4c480000)]
  0x48f5e400 JavaThread "AWT-Windows" daemon [_thread_in_native, id=4720, stack(0x499f0000,0x49a40000)]
  0x48f5dc00 JavaThread "AWT-Shutdown" [_thread_blocked, id=9328, stack(0x49960000,0x499b0000)]
  0x48f86c00 JavaThread "Java2D Disposer" daemon [_thread_blocked, id=4540, stack(0x49770000,0x497c0000)]
  0x48f7d400 JavaThread "Poll DrJava Thread" daemon [_thread_blocked, id=9412, stack(0x49620000,0x49670000)]
  0x48eda400 JavaThread "RMI RenewClean-[127.0.0.1:60380]" daemon [_thread_blocked, id=4816, stack(0x49590000,0x495e0000)]
  0x48f7c400 JavaThread "RMI Scheduler(0)" daemon [_thread_blocked, id=7284, stack(0x49500000,0x49550000)]
  0x003bac00 JavaThread "DestroyJavaVM" [_thread_blocked, id=2032, stack(0x00230000,0x00280000)]
  0x48f39400 JavaThread "GC Daemon" daemon [_thread_blocked, id=8984, stack(0x493e0000,0x49430000)]
  0x48f73800 JavaThread "RMI Reaper" [_thread_blocked, id=8348, stack(0x49310000,0x49360000)]
  0x48ef2400 JavaThread "RMI TCP Accept-0" daemon [_thread_in_native, id=4276, stack(0x492c0000,0x49310000)]
  0x0247f800 JavaThread "Low Memory Detector" daemon [_thread_blocked, id=7204, stack(0x48d10000,0x48d60000)]
  0x02475c00 JavaThread "CompilerThread0" daemon [_thread_blocked, id=8640, stack(0x48c80000,0x48cd0000)]
  0x0246b400 JavaThread "JDWP Event Helper Thread" daemon [_thread_blocked, id=3860, stack(0x48c30000,0x48c80000)]
  0x02469000 JavaThread "JDWP Transport Listener: dt_socket" daemon [_thread_in_native, id=5412, stack(0x48b20000,0x48b70000)]
  0x0245cc00 JavaThread "Attach Listener" daemon [_thread_blocked, id=8756, stack(0x48a30000,0x48a80000)]
  0x02459c00 JavaThread "Signal Dispatcher" daemon [_thread_blocked, id=10004, stack(0x489a0000,0x489f0000)]
  0x02430c00 JavaThread "Finalizer" daemon [_thread_blocked, id=5292, stack(0x48910000,0x48960000)]
  0x0242c000 JavaThread "Reference Handler" daemon [_thread_blocked, id=7016, stack(0x48880000,0x488d0000)]

Other Threads:
  0x02427c00 VMThread [stack: 0x48830000,0x48880000] [id=6772]
  0x02484800 WatcherThread [stack: 0x48da0000,0x48df0000] [id=6812]

VM state:not at safepoint (normal execution)

VM Mutex/Monitor currently owned by a thread: None

Heap
 def new generation   total 4992K, used 2147K [0x044a0000, 0x04a00000, 0x199f0000)
  eden space 4480K,  42% used [0x044a0000, 0x0467b750, 0x04900000)
  from space 512K,  48% used [0x04980000, 0x049bd768, 0x04a00000)
  to   space 512K,   0% used [0x04900000, 0x04900000, 0x04980000)
 tenured generation   total 10944K, used 3789K [0x199f0000, 0x1a4a0000, 0x444a0000)
   the space 10944K,  34% used [0x199f0000, 0x19da3680, 0x19da3800, 0x1a4a0000)
 compacting perm gen  total 12544K, used 12512K [0x444a0000, 0x450e0000, 0x484a0000)
   the space 12544K,  99% used [0x444a0000, 0x450d8190, 0x450d8200, 0x450e0000)
No shared spaces configured.

Dynamic libraries:
0x00400000 - 0x00424000 	C:\Program Files (x86)\Java\jre6\bin\javaw.exe
0x77920000 - 0x77aa0000 	C:\Windows\SysWOW64\ntdll.dll
0x758d0000 - 0x759d0000 	C:\Windows\syswow64\kernel32.dll
0x76890000 - 0x768d6000 	C:\Windows\syswow64\KERNELBASE.dll
0x769f0000 - 0x76a90000 	C:\Windows\syswow64\ADVAPI32.dll
0x76940000 - 0x769ec000 	C:\Windows\syswow64\msvcrt.dll
0x75830000 - 0x75849000 	C:\Windows\SysWOW64\sechost.dll
0x75080000 - 0x75170000 	C:\Windows\syswow64\RPCRT4.dll
0x75020000 - 0x75080000 	C:\Windows\syswow64\SspiCli.dll
0x75010000 - 0x7501c000 	C:\Windows\syswow64\CRYPTBASE.dll
0x75a50000 - 0x75b50000 	C:\Windows\syswow64\USER32.dll
0x75180000 - 0x75210000 	C:\Windows\syswow64\GDI32.dll
0x753d0000 - 0x753da000 	C:\Windows\syswow64\LPK.dll
0x753e0000 - 0x7547d000 	C:\Windows\syswow64\USP10.dll
0x768e0000 - 0x76940000 	C:\Windows\system32\IMM32.DLL
0x75480000 - 0x7554c000 	C:\Windows\syswow64\MSCTF.dll
0x7c340000 - 0x7c396000 	C:\Program Files (x86)\Java\jre6\bin\msvcr71.dll
0x6d7f0000 - 0x6da96000 	C:\Program Files (x86)\Java\jre6\bin\client\jvm.dll
0x736c0000 - 0x736f2000 	C:\Windows\system32\WINMM.dll
0x71260000 - 0x712ab000 	C:\Windows\system32\apphelp.dll
0x6d7a0000 - 0x6d7ac000 	C:\Program Files (x86)\Java\jre6\bin\verify.dll
0x6d320000 - 0x6d33f000 	C:\Program Files (x86)\Java\jre6\bin\java.dll
0x6d280000 - 0x6d288000 	C:\Program Files (x86)\Java\jre6\bin\hpi.dll
0x75790000 - 0x75795000 	C:\Windows\syswow64\PSAPI.DLL
0x6d370000 - 0x6d399000 	C:\Program Files (x86)\Java\jre6\bin\jdwp.dll
0x6d690000 - 0x6d696000 	C:\Program Files (x86)\Java\jre6\bin\npt.dll
0x6d7e0000 - 0x6d7ef000 	C:\Program Files (x86)\Java\jre6\bin\zip.dll
0x6d200000 - 0x6d207000 	C:\Program Files (x86)\Java\jre6\bin\dt_socket.dll
0x75750000 - 0x75785000 	C:\Windows\syswow64\WS2_32.dll
0x778f0000 - 0x778f6000 	C:\Windows\syswow64\NSI.dll
0x726d0000 - 0x7270c000 	C:\Windows\system32\mswsock.dll
0x726c0000 - 0x726c5000 	C:\Windows\System32\wshtcpip.dll
0x72420000 - 0x72436000 	C:\Windows\system32\CRYPTSP.dll
0x723e0000 - 0x7241b000 	C:\Windows\system32\rsaenh.dll
0x73a80000 - 0x73a97000 	C:\Windows\system32\USERENV.dll
0x73a70000 - 0x73a7b000 	C:\Windows\system32\profapi.dll
0x6d600000 - 0x6d613000 	C:\Program Files (x86)\Java\jre6\bin\net.dll
0x726b0000 - 0x726b6000 	C:\Windows\System32\wship6.dll
0x72040000 - 0x72050000 	C:\Windows\system32\NLAapi.dll
0x72660000 - 0x726a4000 	C:\Windows\system32\DNSAPI.dll
0x72030000 - 0x72038000 	C:\Windows\System32\winrnr.dll
0x72020000 - 0x72030000 	C:\Windows\system32\napinsp.dll
0x72000000 - 0x72012000 	C:\Windows\system32\pnrpnsp.dll
0x71ff0000 - 0x71ffd000 	C:\Windows\system32\wshbth.dll
0x72630000 - 0x72655000 	C:\Program Files (x86)\Bonjour\mdnsNSP.dll
0x73a50000 - 0x73a6c000 	C:\Windows\system32\Iphlpapi.DLL
0x73910000 - 0x73917000 	C:\Windows\system32\WINNSI.DLL
0x72620000 - 0x72626000 	C:\Windows\system32\rasadhlp.dll
0x71c40000 - 0x71c78000 	C:\Windows\System32\fwpuclnt.dll
0x6d6f0000 - 0x6d6f6000 	C:\Program Files (x86)\Java\jre6\bin\rmi.dll
0x6d000000 - 0x6d14a000 	C:\Program Files (x86)\Java\jre6\bin\awt.dll
0x71630000 - 0x71681000 	C:\Windows\system32\WINSPOOL.DRV
0x76d90000 - 0x76eec000 	C:\Windows\syswow64\ole32.dll
0x70c70000 - 0x70e0e000 	C:\Windows\WinSxS\x86_microsoft.windows.common-controls_6595b64144ccf1df_6.0.7600.16661_none_420fe3fa2b8113bd\COMCTL32.dll
0x76ef0000 - 0x76f47000 	C:\Windows\syswow64\SHLWAPI.dll
0x6e950000 - 0x6e963000 	C:\Windows\system32\DWMAPI.DLL
0x70940000 - 0x709c0000 	C:\Windows\system32\uxtheme.dll
0x6d230000 - 0x6d27f000 	C:\Program Files (x86)\Java\jre6\bin\fontmanager.dll
0x48ad0000 - 0x48adf000 	C:\Program Files (x86)\TeamViewer\Version6\tv_w32.dll
0x6c240000 - 0x6c267000 	C:\Windows\system32\CRTDLL.dll
0x626d0000 - 0x62893000 	C:\Windows\system32\d3d9.dll
0x73740000 - 0x73749000 	C:\Windows\system32\VERSION.dll
0x713d0000 - 0x713d6000 	C:\Windows\system32\d3d8thk.dll
0x5dbf0000 - 0x5e59a000 	C:\Windows\system32\nvd3dum.dll
0x72440000 - 0x72465000 	C:\Windows\system32\powrprof.dll
0x76a90000 - 0x76c2d000 	C:\Windows\syswow64\SETUPAPI.dll
0x76d60000 - 0x76d87000 	C:\Windows\syswow64\CFGMGR32.dll
0x75b50000 - 0x75bdf000 	C:\Windows\syswow64\OLEAUT32.dll
0x75730000 - 0x75742000 	C:\Windows\syswow64\DEVOBJ.dll
0x75c40000 - 0x76889000 	C:\Windows\syswow64\shell32.dll
0x4c480000 - 0x4c4b8000 	C:\Program Files\WIDCOMM\Bluetooth Software\SysWOW64\BtMmHook.dll
0x6d620000 - 0x6d629000 	C:\Program Files (x86)\Java\jre6\bin\nio.dll
0x6d510000 - 0x6d534000 	C:\Program Files (x86)\Java\jre6\bin\jsound.dll
0x6d540000 - 0x6d548000 	C:\Program Files (x86)\Java\jre6\bin\jsoundds.dll
0x71a90000 - 0x71b02000 	C:\Windows\system32\DSOUND.dll
0x62550000 - 0x62589000 	C:\Windows\system32\MMDevAPI.DLL
0x70b70000 - 0x70c65000 	C:\Windows\system32\PROPSYS.dll
0x62520000 - 0x62550000 	C:\Windows\system32\wdmaud.drv
0x689d0000 - 0x689d4000 	C:\Windows\system32\ksuser.dll
0x62510000 - 0x62517000 	C:\Windows\system32\AVRT.dll
0x624d0000 - 0x62506000 	C:\Windows\system32\AUDIOSES.DLL
0x60690000 - 0x60698000 	C:\Windows\system32\msacm32.drv
0x60670000 - 0x60684000 	C:\Windows\system32\MSACM32.dll
0x60660000 - 0x60667000 	C:\Windows\system32\midimap.dll
0x756a0000 - 0x75723000 	C:\Windows\syswow64\CLBCatQ.DLL
0x6d440000 - 0x6d465000 	C:\Program Files (x86)\Java\jre6\bin\jpeg.dll
0x72240000 - 0x7224e000 	C:\Windows\system32\RpcRtRemote.dll

VM Arguments:
jvm_args: -ea -Xrunjdwp:transport=dt_socket,server=y,suspend=n,address=64785 -Xdebug -Xnoagent -Djava.compiler=NONE -Xmx1024M -Ddrjava.debug.port=64785 -Dedu.rice.cs.cunit.concJUnit.check.join.enabled=false -Dedu.rice.cs.cunit.concJUnit.check.lucky.enabled=false -Dedu.rice.cs.cunit.concJUnit.check.threads.enabled=false -Djava.rmi.server.hostname=127.0.0.1 
java_command: edu.rice.cs.plt.concurrent.ProcessTaskController$Runner
Launcher Type: SUN_STANDARD

Environment Variables:
JAVA_HOME=C:\Program Files (x86)\Java\jdk1.6.0_23
CLASSPATH=.;C:\Program Files (x86)\Java\jre6\lib\ext\QTJava.zip
PATH=C:\Program Files (x86)\NVIDIA Corporation\PhysX\Common;C:\Windows\system32;C:\Windows;C:\Windows\System32\Wbem;C:\Windows\System32\WindowsPowerShell\v1.0\;C:\Python27;C:\Program Files (x86)\Autodesk\Backburner\;C:\Program Files (x86)\Common Files\Autodesk Shared\;C:\Program Files\Common Files\Autodesk Shared\;C:\Program Files (x86)\OpenNI\Bin;C:\Program Files (x86)\Prime Sense\NITE\Bin;c:\Program Files (x86)\Microsoft SQL Server\90\Tools\binn\;C:\Python27(x86);C:\php;C:\Program Files\MySQL\MySQL Server 5.1\bin;C:\Program Files (x86)\MySQL\MySQL Server 5.5\bin;C:\Program Files\WIDCOMM\Bluetooth Software\;C:\Program Files\WIDCOMM\Bluetooth Software\syswow64;c:\django\scsu_alum;c:\wamp\bin;C:\Program Files (x86)\QuickTime\QTSystem\;C:\Program Files (x86)\Java\jdk1.6.0_23\bin;C:\Program Files (x86)\Java\jre6\bin
USERNAME=Rich
OS=Windows_NT
PROCESSOR_IDENTIFIER=Intel64 Family 6 Model 23 Stepping 10, GenuineIntel



---------------  S Y S T E M  ---------------

OS: Windows 7 Build 7600 

CPU:total 2 (2 cores per cpu, 1 threads per core) family 6 model 23 stepping 10, cmov, cx8, fxsr, mmx, sse, sse2, sse3, ssse3, sse4.1

Memory: 4k page, physical 8387128k(5590972k free), swap 16772360k(13037184k free)

vm_info: Java HotSpot(TM) Client VM (19.1-b02) for windows-x86 JRE (1.6.0_24-b07), built on Feb  2 2011 17:44:41 by "java_re" with MS VC++ 7.1 (VS2003)

time: Thu May 05 18:28:23 2011
elapsed time: 4032 seconds

